<?xml version="1.0" encoding="UTF-8"?>
<!-- Generated by org.testng.reporters.JUnitReportReporter -->
<testsuite hostname="LAPTOP-G2M0RKTE" failures="0" tests="2" name="testCases.AnnoationPractice" time="0.010" errors="0" timestamp="2024-05-08T21:18:22 IST" skipped="0">
  <testcase classname="testCases.AnnoationPractice" name="z1" time="0.005"/>
  <testcase classname="testCases.AnnoationPractice" name="m1" time="0.005"/>
</testsuite> <!-- testCases.AnnoationPractice -->
