<?xml version="1.0" encoding="UTF-8"?>
<!-- Generated by org.testng.reporters.JUnitReportReporter -->
<testsuite hostname="LAPTOP-G2M0RKTE" failures="0" tests="2" name="testCases.A" time="0.012" errors="0" timestamp="2024-05-08T21:18:22 IST" skipped="0">
  <testcase classname="testCases.A" name="launchBrowser" time="0.002"/>
  <testcase classname="testCases.A" name="enterUrl" time="0.010"/>
</testsuite> <!-- testCases.A -->
