<?xml version="1.0" encoding="UTF-8"?>
<!-- Generated by org.testng.reporters.JUnitReportReporter -->
<testsuite hostname="LAPTOP-G2M0RKTE" failures="0" tests="1" name="testCases.VerifyingLogin" time="62.108" errors="0" timestamp="2024-05-15T15:01:12 IST" skipped="0">
  <testcase classname="testCases.VerifyingLogin" name="verifingLoginButton" time="62.108"/>
</testsuite> <!-- testCases.VerifyingLogin -->
