<?xml version="1.0" encoding="UTF-8"?>
<!-- Generated by org.testng.reporters.JUnitReportReporter -->
<testsuite hostname="LAPTOP-G2M0RKTE" failures="0" tests="4" name="testCases.SettingPriorities" time="0.009" errors="0" timestamp="2024-05-08T21:18:22 IST" skipped="0">
  <testcase classname="testCases.SettingPriorities" name="driverinitialize" time="0.002"/>
  <testcase classname="testCases.SettingPriorities" name="enterURL" time="0.001"/>
  <testcase classname="testCases.SettingPriorities" name="enterCredentials" time="0.004"/>
  <testcase classname="testCases.SettingPriorities" name="driverClosing" time="0.002"/>
</testsuite> <!-- testCases.SettingPriorities -->
